[ 2017-07-31T00:07:32+08:00 ] ::1 /stjy/index.php/Index/index
INFO: [ app_init ] --START--
INFO: Run Behavior\BuildLiteBehavior [ RunTime:0.000000s ]
INFO: [ app_init ] --END-- [ RunTime:0.002000s ]
INFO: [ app_begin ] --START--
INFO: Run Behavior\ReadHtmlCacheBehavior [ RunTime:0.002000s ]
INFO: [ app_begin ] --END-- [ RunTime:0.002000s ]
NOTIC: [8] Use of undefined constant APP_NAME - assumed 'APP_NAME' D:\wamp\www\stjy\Application\Admin\Action\CommonAction.class.php 第 20 行.
INFO: [ view_parse ] --START--
INFO: [ template_filter ] --START--
INFO: Run Behavior\ContentReplaceBehavior [ RunTime:0.001000s ]
INFO: [ template_filter ] --END-- [ RunTime:0.001000s ]
INFO: Run Behavior\ParseTemplateBehavior [ RunTime:0.018001s ]
INFO: [ view_parse ] --END-- [ RunTime:0.018001s ]
INFO: [ view_filter ] --START--
INFO: Run Behavior\WriteHtmlCacheBehavior [ RunTime:0.001000s ]
INFO: [ view_filter ] --END-- [ RunTime:0.001000s ]
INFO: [ app_end ] --START--
INFO: Run Behavior\ShowPageTraceBehavior [ RunTime:0.001000s ]
INFO: [ app_end ] --END-- [ RunTime:0.001000s ]

[ 2017-07-31T00:07:32+08:00 ] ::1 /stjy/index.php/Index/home
INFO: [ app_init ] --START--
INFO: Run Behavior\BuildLiteBehavior [ RunTime:0.000000s ]
INFO: [ app_init ] --END-- [ RunTime:0.001000s ]
INFO: [ app_begin ] --START--
INFO: Run Behavior\ReadHtmlCacheBehavior [ RunTime:0.001000s ]
INFO: [ app_begin ] --END-- [ RunTime:0.002000s ]
NOTIC: [8] Use of undefined constant APP_NAME - assumed 'APP_NAME' D:\wamp\www\stjy\Application\Admin\Action\CommonAction.class.php 第 20 行.
SQL: SHOW COLUMNS FROM `stjy_log` [ RunTime:0.0010s ]
SQL: SELECT COUNT(*) AS tp_count FROM `stjy_log` WHERE ( time>1501430400 ) LIMIT 1   [ RunTime:0.0020s ]
SQL: SELECT COUNT(*) AS tp_count FROM `stjy_log` WHERE `time` BETWEEN '1501344000' AND '1501430400' LIMIT 1   [ RunTime:0.0010s ]
SQL: SELECT COUNT(*) AS tp_count FROM `stjy_log` LIMIT 1   [ RunTime:0.0000s ]
INFO: [ view_parse ] --START--
INFO: [ template_filter ] --START--
INFO: Run Behavior\ContentReplaceBehavior [ RunTime:0.000000s ]
INFO: [ template_filter ] --END-- [ RunTime:0.000000s ]
NOTIC: [8] Undefined index: menu D:\wamp\www\stjy\Application\Runtime\Cache\Admin\299ac987c50b27dbc1a0841ee5b1619c.php 第 41 行.
INFO: Run Behavior\ParseTemplateBehavior [ RunTime:0.022002s ]
INFO: [ view_parse ] --END-- [ RunTime:0.022002s ]
INFO: [ view_filter ] --START--
INFO: Run Behavior\WriteHtmlCacheBehavior [ RunTime:0.000000s ]
INFO: [ view_filter ] --END-- [ RunTime:0.001000s ]
INFO: [ view_parse ] --START--
INFO: [ template_filter ] --START--
INFO: Run Behavior\ContentReplaceBehavior [ RunTime:0.000000s ]
INFO: [ template_filter ] --END-- [ RunTime:-0.013001s ]
INFO: Run Behavior\ParseTemplateBehavior [ RunTime:0.010000s ]
INFO: [ view_parse ] --END-- [ RunTime:-0.002000s ]
INFO: [ view_filter ] --START--
INFO: Run Behavior\WriteHtmlCacheBehavior [ RunTime:0.000000s ]
INFO: [ view_filter ] --END-- [ RunTime:-0.012000s ]
INFO: [ app_end ] --START--
INFO: Run Behavior\ShowPageTraceBehavior [ RunTime:0.001001s ]
INFO: [ app_end ] --END-- [ RunTime:0.001001s ]

[ 2017-07-31T00:07:34+08:00 ] ::1 /stjy/index.php/TableImport/xyxxb
INFO: [ app_init ] --START--
INFO: Run Behavior\BuildLiteBehavior [ RunTime:0.000000s ]
INFO: [ app_init ] --END-- [ RunTime:0.000000s ]
INFO: [ app_begin ] --START--
INFO: Run Behavior\ReadHtmlCacheBehavior [ RunTime:0.000000s ]
INFO: [ app_begin ] --END-- [ RunTime:0.001000s ]
NOTIC: [8] Use of undefined constant APP_NAME - assumed 'APP_NAME' D:\wamp\www\stjy\Application\Admin\Action\CommonAction.class.php 第 20 行.
SQL: SHOW COLUMNS FROM `stjy_class` [ RunTime:0.0010s ]
SQL: SELECT * FROM `stjy_class` ORDER BY id desc  [ RunTime:0.0000s ]
SQL: SHOW COLUMNS FROM `stjy_article` [ RunTime:0.0010s ]
SQL: SELECT COUNT(*) AS tp_count FROM `stjy_article` WHERE ( del = 0 ) LIMIT 1   [ RunTime:0.0000s ]
SQL: SELECT * FROM `stjy_article` WHERE ( del = 0 ) ORDER BY id desc  [ RunTime:0.0010s ]
INFO: [ view_parse ] --START--
INFO: [ template_filter ] --START--
INFO: Run Behavior\ContentReplaceBehavior [ RunTime:0.001000s ]
INFO: [ template_filter ] --END-- [ RunTime:0.001000s ]
INFO: Run Behavior\ParseTemplateBehavior [ RunTime:0.019001s ]
INFO: [ view_parse ] --END-- [ RunTime:0.019001s ]
INFO: [ view_filter ] --START--
INFO: Run Behavior\WriteHtmlCacheBehavior [ RunTime:0.000000s ]
INFO: [ view_filter ] --END-- [ RunTime:0.001000s ]
INFO: [ view_parse ] --START--
INFO: [ template_filter ] --START--
INFO: Run Behavior\ContentReplaceBehavior [ RunTime:0.000000s ]
INFO: [ template_filter ] --END-- [ RunTime:-0.017001s ]
INFO: Run Behavior\ParseTemplateBehavior [ RunTime:0.017001s ]
INFO: [ view_parse ] --END-- [ RunTime:-0.001000s ]
INFO: [ view_filter ] --START--
INFO: Run Behavior\WriteHtmlCacheBehavior [ RunTime:0.000000s ]
INFO: [ view_filter ] --END-- [ RunTime:-0.018001s ]
INFO: [ app_end ] --START--
INFO: Run Behavior\ShowPageTraceBehavior [ RunTime:0.001000s ]
INFO: [ app_end ] --END-- [ RunTime:0.001000s ]

[ 2017-07-31T00:07:38+08:00 ] ::1 /stjy/index.php/TableImport/upload
INFO: [ app_init ] --START--
INFO: Run Behavior\BuildLiteBehavior [ RunTime:0.000000s ]
INFO: [ app_init ] --END-- [ RunTime:0.002000s ]
INFO: [ app_begin ] --START--
INFO: Run Behavior\ReadHtmlCacheBehavior [ RunTime:0.000000s ]
INFO: [ app_begin ] --END-- [ RunTime:0.002000s ]
NOTIC: [8] Use of undefined constant APP_NAME - assumed 'APP_NAME' D:\wamp\www\stjy\Application\Admin\Action\CommonAction.class.php 第 20 行.
SQL: SHOW COLUMNS FROM `stjy_class` [ RunTime:0.0030s ]
SQL: SELECT * FROM `stjy_class` ORDER BY id desc  [ RunTime:0.0000s ]
NOTIC: [2] finfo_file(): Empty filename or path D:\wamp\www\stjy\ThinkPHP\Library\Think\Upload.class.php 第 152 行.
INFO: [ view_parse ] --START--
INFO: [ template_filter ] --START--
INFO: Run Behavior\ContentReplaceBehavior [ RunTime:0.000000s ]
INFO: [ template_filter ] --END-- [ RunTime:0.001000s ]
INFO: Run Behavior\ParseTemplateBehavior [ RunTime:0.017000s ]
INFO: [ view_parse ] --END-- [ RunTime:0.017000s ]
INFO: [ view_filter ] --START--
INFO: Run Behavior\WriteHtmlCacheBehavior [ RunTime:0.001000s ]
INFO: [ view_filter ] --END-- [ RunTime:0.002001s ]

[ 2017-07-31T00:07:41+08:00 ] ::1 /stjy/index.php/TableImport/xyxxb
INFO: [ app_init ] --START--
INFO: Run Behavior\BuildLiteBehavior [ RunTime:0.000000s ]
INFO: [ app_init ] --END-- [ RunTime:0.001000s ]
INFO: [ app_begin ] --START--
INFO: Run Behavior\ReadHtmlCacheBehavior [ RunTime:0.002000s ]
INFO: [ app_begin ] --END-- [ RunTime:0.002000s ]
NOTIC: [8] Use of undefined constant APP_NAME - assumed 'APP_NAME' D:\wamp\www\stjy\Application\Admin\Action\CommonAction.class.php 第 20 行.
SQL: SHOW COLUMNS FROM `stjy_class` [ RunTime:0.0020s ]
SQL: SELECT * FROM `stjy_class` ORDER BY id desc  [ RunTime:0.0000s ]
SQL: SHOW COLUMNS FROM `stjy_article` [ RunTime:0.0010s ]
SQL: SELECT COUNT(*) AS tp_count FROM `stjy_article` WHERE ( del = 0 ) LIMIT 1   [ RunTime:0.0000s ]
SQL: SELECT * FROM `stjy_article` WHERE ( del = 0 ) ORDER BY id desc  [ RunTime:0.0010s ]
INFO: [ view_parse ] --START--
INFO: [ template_filter ] --START--
INFO: Run Behavior\ContentReplaceBehavior [ RunTime:0.001000s ]
INFO: [ template_filter ] --END-- [ RunTime:0.001000s ]
INFO: Run Behavior\ParseTemplateBehavior [ RunTime:0.020001s ]
INFO: [ view_parse ] --END-- [ RunTime:0.020001s ]
INFO: [ view_filter ] --START--
INFO: Run Behavior\WriteHtmlCacheBehavior [ RunTime:0.001000s ]
INFO: [ view_filter ] --END-- [ RunTime:0.002000s ]
INFO: [ view_parse ] --START--
INFO: [ template_filter ] --START--
INFO: Run Behavior\ContentReplaceBehavior [ RunTime:0.000000s ]
INFO: [ template_filter ] --END-- [ RunTime:-0.018001s ]
INFO: Run Behavior\ParseTemplateBehavior [ RunTime:0.016001s ]
INFO: [ view_parse ] --END-- [ RunTime:-0.003000s ]
INFO: [ view_filter ] --START--
INFO: Run Behavior\WriteHtmlCacheBehavior [ RunTime:0.001000s ]
INFO: [ view_filter ] --END-- [ RunTime:-0.017001s ]
INFO: [ app_end ] --START--
INFO: Run Behavior\ShowPageTraceBehavior [ RunTime:0.002000s ]
INFO: [ app_end ] --END-- [ RunTime:0.002000s ]

[ 2017-07-31T09:52:07+08:00 ] ::1 /stjy/index.php/TableImport/upload
INFO: [ app_init ] --START--
INFO: Run Behavior\BuildLiteBehavior [ RunTime:0.000000s ]
INFO: [ app_init ] --END-- [ RunTime:0.002000s ]
INFO: [ app_begin ] --START--
INFO: Run Behavior\ReadHtmlCacheBehavior [ RunTime:0.002000s ]
INFO: [ app_begin ] --END-- [ RunTime:0.002000s ]
NOTIC: [8] Use of undefined constant APP_NAME - assumed 'APP_NAME' D:\wamp\www\stjy\Application\Admin\Action\CommonAction.class.php 第 20 行.
SQL: SHOW COLUMNS FROM `stjy_class` [ RunTime:0.0030s ]
SQL: SELECT * FROM `stjy_class` ORDER BY id desc  [ RunTime:0.0000s ]
NOTIC: [2] call_user_func() expects parameter 1 to be a valid callback, no array or string given D:\wamp\www\stjy\ThinkPHP\Library\Think\Upload.class.php 第 170 行.
ERR: 1146:Table 'stjy.stjy_product' doesn't exist
 [ SQL语句 ] : SHOW COLUMNS FROM `stjy_product`
ERR: 1146:Table 'stjy.stjy_product' doesn't exist
 [ SQL语句 ] : SHOW COLUMNS FROM `stjy_product`

[ 2017-07-31T09:55:50+08:00 ] ::1 /stjy/index.php/TableImport/bjxxb
INFO: [ app_init ] --START--
INFO: Run Behavior\BuildLiteBehavior [ RunTime:0.000000s ]
INFO: [ app_init ] --END-- [ RunTime:0.001000s ]
INFO: [ app_begin ] --START--
INFO: Run Behavior\ReadHtmlCacheBehavior [ RunTime:0.002000s ]
INFO: [ app_begin ] --END-- [ RunTime:0.002000s ]
NOTIC: [8] Use of undefined constant APP_NAME - assumed 'APP_NAME' D:\wamp\www\stjy\Application\Admin\Action\CommonAction.class.php 第 20 行.
SQL: SHOW COLUMNS FROM `stjy_class` [ RunTime:0.0030s ]
SQL: SELECT * FROM `stjy_class` ORDER BY id desc  [ RunTime:0.0000s ]
ERR: 非法操作:bjxxb

[ 2017-07-31T09:55:51+08:00 ] ::1 /stjy/index.php/TableImport/bjxyxxb
INFO: [ app_init ] --START--
INFO: Run Behavior\BuildLiteBehavior [ RunTime:0.000000s ]
INFO: [ app_init ] --END-- [ RunTime:0.001000s ]
INFO: [ app_begin ] --START--
INFO: Run Behavior\ReadHtmlCacheBehavior [ RunTime:0.001000s ]
INFO: [ app_begin ] --END-- [ RunTime:0.001000s ]
NOTIC: [8] Use of undefined constant APP_NAME - assumed 'APP_NAME' D:\wamp\www\stjy\Application\Admin\Action\CommonAction.class.php 第 20 行.
SQL: SHOW COLUMNS FROM `stjy_class` [ RunTime:0.0020s ]
SQL: SELECT * FROM `stjy_class` ORDER BY id desc  [ RunTime:0.0000s ]
ERR: 非法操作:bjxyxxb

[ 2017-07-31T09:55:52+08:00 ] ::1 /stjy/index.php/TableImport/sjjlb
INFO: [ app_init ] --START--
INFO: Run Behavior\BuildLiteBehavior [ RunTime:0.000000s ]
INFO: [ app_init ] --END-- [ RunTime:0.001000s ]
INFO: [ app_begin ] --START--
INFO: Run Behavior\ReadHtmlCacheBehavior [ RunTime:0.001000s ]
INFO: [ app_begin ] --END-- [ RunTime:0.002000s ]
NOTIC: [8] Use of undefined constant APP_NAME - assumed 'APP_NAME' D:\wamp\www\stjy\Application\Admin\Action\CommonAction.class.php 第 20 行.
SQL: SHOW COLUMNS FROM `stjy_class` [ RunTime:0.0020s ]
SQL: SELECT * FROM `stjy_class` ORDER BY id desc  [ RunTime:0.0010s ]
ERR: 非法操作:sjjlb

[ 2017-07-31T09:55:52+08:00 ] ::1 /stjy/index.php/TableImport/kxmxb
INFO: [ app_init ] --START--
INFO: Run Behavior\BuildLiteBehavior [ RunTime:0.000000s ]
INFO: [ app_init ] --END-- [ RunTime:0.000000s ]
INFO: [ app_begin ] --START--
INFO: Run Behavior\ReadHtmlCacheBehavior [ RunTime:0.002000s ]
INFO: [ app_begin ] --END-- [ RunTime:0.002000s ]
NOTIC: [8] Use of undefined constant APP_NAME - assumed 'APP_NAME' D:\wamp\www\stjy\Application\Admin\Action\CommonAction.class.php 第 20 行.
SQL: SHOW COLUMNS FROM `stjy_class` [ RunTime:0.0030s ]
SQL: SELECT * FROM `stjy_class` ORDER BY id desc  [ RunTime:0.0000s ]
ERR: 非法操作:kxmxb

[ 2017-07-31T09:55:53+08:00 ] ::1 /stjy/index.php/TableImport/kbmxb
INFO: [ app_init ] --START--
INFO: Run Behavior\BuildLiteBehavior [ RunTime:0.000000s ]
INFO: [ app_init ] --END-- [ RunTime:0.001000s ]
INFO: [ app_begin ] --START--
INFO: Run Behavior\ReadHtmlCacheBehavior [ RunTime:0.001000s ]
INFO: [ app_begin ] --END-- [ RunTime:0.001000s ]
NOTIC: [8] Use of undefined constant APP_NAME - assumed 'APP_NAME' D:\wamp\www\stjy\Application\Admin\Action\CommonAction.class.php 第 20 行.
SQL: SHOW COLUMNS FROM `stjy_class` [ RunTime:0.0030s ]
SQL: SELECT * FROM `stjy_class` ORDER BY id desc  [ RunTime:0.0000s ]
ERR: 非法操作:kbmxb

[ 2017-07-31T09:55:54+08:00 ] ::1 /stjy/index.php/TableImport/xyfyyjb
INFO: [ app_init ] --START--
INFO: Run Behavior\BuildLiteBehavior [ RunTime:0.000000s ]
INFO: [ app_init ] --END-- [ RunTime:0.001000s ]
INFO: [ app_begin ] --START--
INFO: Run Behavior\ReadHtmlCacheBehavior [ RunTime:0.001000s ]
INFO: [ app_begin ] --END-- [ RunTime:0.001000s ]
NOTIC: [8] Use of undefined constant APP_NAME - assumed 'APP_NAME' D:\wamp\www\stjy\Application\Admin\Action\CommonAction.class.php 第 20 行.
SQL: SHOW COLUMNS FROM `stjy_class` [ RunTime:0.0030s ]
SQL: SELECT * FROM `stjy_class` ORDER BY id desc  [ RunTime:0.0000s ]
ERR: 非法操作:xyfyyjb

[ 2017-07-31T09:55:54+08:00 ] ::1 /stjy/index.php/TableImport/xyxxb
INFO: [ app_init ] --START--
INFO: Run Behavior\BuildLiteBehavior [ RunTime:0.000000s ]
INFO: [ app_init ] --END-- [ RunTime:0.001000s ]
INFO: [ app_begin ] --START--
INFO: Run Behavior\ReadHtmlCacheBehavior [ RunTime:0.002000s ]
INFO: [ app_begin ] --END-- [ RunTime:0.002000s ]
NOTIC: [8] Use of undefined constant APP_NAME - assumed 'APP_NAME' D:\wamp\www\stjy\Application\Admin\Action\CommonAction.class.php 第 20 行.
SQL: SHOW COLUMNS FROM `stjy_class` [ RunTime:0.0020s ]
SQL: SELECT * FROM `stjy_class` ORDER BY id desc  [ RunTime:0.0000s ]
SQL: SHOW COLUMNS FROM `stjy_article` [ RunTime:0.0040s ]
SQL: SELECT COUNT(*) AS tp_count FROM `stjy_article` WHERE ( del = 0 ) LIMIT 1   [ RunTime:0.0000s ]
SQL: SELECT * FROM `stjy_article` WHERE ( del = 0 ) ORDER BY id desc  [ RunTime:0.0010s ]
INFO: [ view_parse ] --START--
INFO: [ template_filter ] --START--
INFO: Run Behavior\ContentReplaceBehavior [ RunTime:0.000000s ]
INFO: [ template_filter ] --END-- [ RunTime:0.000000s ]
INFO: Run Behavior\ParseTemplateBehavior [ RunTime:0.038003s ]
INFO: [ view_parse ] --END-- [ RunTime:0.039003s ]
INFO: [ view_filter ] --START--
INFO: Run Behavior\WriteHtmlCacheBehavior [ RunTime:0.001000s ]
INFO: [ view_filter ] --END-- [ RunTime:0.002000s ]
INFO: [ view_parse ] --START--
INFO: [ template_filter ] --START--
INFO: Run Behavior\ContentReplaceBehavior [ RunTime:0.001001s ]
INFO: [ template_filter ] --END-- [ RunTime:-0.021001s ]
INFO: Run Behavior\ParseTemplateBehavior [ RunTime:0.019001s ]
INFO: [ view_parse ] --END-- [ RunTime:-0.002000s ]
INFO: [ view_filter ] --START--
INFO: Run Behavior\WriteHtmlCacheBehavior [ RunTime:0.000000s ]
INFO: [ view_filter ] --END-- [ RunTime:-0.020001s ]
INFO: [ app_end ] --START--
INFO: Run Behavior\ShowPageTraceBehavior [ RunTime:0.003000s ]
INFO: [ app_end ] --END-- [ RunTime:0.003000s ]

[ 2017-07-31T09:55:56+08:00 ] ::1 /stjy/index.php/TableImport/bjxxb
INFO: [ app_init ] --START--
INFO: Run Behavior\BuildLiteBehavior [ RunTime:0.000000s ]
INFO: [ app_init ] --END-- [ RunTime:0.001000s ]
INFO: [ app_begin ] --START--
INFO: Run Behavior\ReadHtmlCacheBehavior [ RunTime:0.001000s ]
INFO: [ app_begin ] --END-- [ RunTime:0.001000s ]
NOTIC: [8] Use of undefined constant APP_NAME - assumed 'APP_NAME' D:\wamp\www\stjy\Application\Admin\Action\CommonAction.class.php 第 20 行.
SQL: SHOW COLUMNS FROM `stjy_class` [ RunTime:0.0020s ]
SQL: SELECT * FROM `stjy_class` ORDER BY id desc  [ RunTime:0.0000s ]
ERR: 非法操作:bjxxb

[ 2017-07-31T09:55:56+08:00 ] ::1 /stjy/index.php/TableImport/xyxxb
INFO: [ app_init ] --START--
INFO: Run Behavior\BuildLiteBehavior [ RunTime:0.000000s ]
INFO: [ app_init ] --END-- [ RunTime:0.000000s ]
INFO: [ app_begin ] --START--
INFO: Run Behavior\ReadHtmlCacheBehavior [ RunTime:0.001000s ]
INFO: [ app_begin ] --END-- [ RunTime:0.002000s ]
NOTIC: [8] Use of undefined constant APP_NAME - assumed 'APP_NAME' D:\wamp\www\stjy\Application\Admin\Action\CommonAction.class.php 第 20 行.
SQL: SHOW COLUMNS FROM `stjy_class` [ RunTime:0.0030s ]
SQL: SELECT * FROM `stjy_class` ORDER BY id desc  [ RunTime:0.0000s ]
SQL: SHOW COLUMNS FROM `stjy_article` [ RunTime:0.0020s ]
SQL: SELECT COUNT(*) AS tp_count FROM `stjy_article` WHERE ( del = 0 ) LIMIT 1   [ RunTime:0.0000s ]
SQL: SELECT * FROM `stjy_article` WHERE ( del = 0 ) ORDER BY id desc  [ RunTime:0.0000s ]
INFO: [ view_parse ] --START--
INFO: [ template_filter ] --START--
INFO: Run Behavior\ContentReplaceBehavior [ RunTime:0.000000s ]
INFO: [ template_filter ] --END-- [ RunTime:0.001000s ]
INFO: Run Behavior\ParseTemplateBehavior [ RunTime:0.020001s ]
INFO: [ view_parse ] --END-- [ RunTime:0.020001s ]
INFO: [ view_filter ] --START--
INFO: Run Behavior\WriteHtmlCacheBehavior [ RunTime:0.001000s ]
INFO: [ view_filter ] --END-- [ RunTime:0.001000s ]
INFO: [ view_parse ] --START--
INFO: [ template_filter ] --START--
INFO: Run Behavior\ContentReplaceBehavior [ RunTime:0.000000s ]
INFO: [ template_filter ] --END-- [ RunTime:-0.019001s ]
INFO: Run Behavior\ParseTemplateBehavior [ RunTime:0.018001s ]
INFO: [ view_parse ] --END-- [ RunTime:-0.002000s ]
INFO: [ view_filter ] --START--
INFO: Run Behavior\WriteHtmlCacheBehavior [ RunTime:0.001000s ]
INFO: [ view_filter ] --END-- [ RunTime:-0.019001s ]
INFO: [ app_end ] --START--
INFO: Run Behavior\ShowPageTraceBehavior [ RunTime:0.001000s ]
INFO: [ app_end ] --END-- [ RunTime:0.001000s ]

[ 2017-07-31T09:55:57+08:00 ] ::1 /stjy/index.php/TableImport/bjxxb
INFO: [ app_init ] --START--
INFO: Run Behavior\BuildLiteBehavior [ RunTime:0.000000s ]
INFO: [ app_init ] --END-- [ RunTime:0.002000s ]
INFO: [ app_begin ] --START--
INFO: Run Behavior\ReadHtmlCacheBehavior [ RunTime:0.002000s ]
INFO: [ app_begin ] --END-- [ RunTime:0.002000s ]
NOTIC: [8] Use of undefined constant APP_NAME - assumed 'APP_NAME' D:\wamp\www\stjy\Application\Admin\Action\CommonAction.class.php 第 20 行.
SQL: SHOW COLUMNS FROM `stjy_class` [ RunTime:0.0020s ]
SQL: SELECT * FROM `stjy_class` ORDER BY id desc  [ RunTime:0.0010s ]
ERR: 非法操作:bjxxb

[ 2017-07-31T09:56:00+08:00 ] ::1 /stjy/index.php/TableImport/bjxyxxb
INFO: [ app_init ] --START--
INFO: Run Behavior\BuildLiteBehavior [ RunTime:0.000000s ]
INFO: [ app_init ] --END-- [ RunTime:0.001000s ]
INFO: [ app_begin ] --START--
INFO: Run Behavior\ReadHtmlCacheBehavior [ RunTime:0.001001s ]
INFO: [ app_begin ] --END-- [ RunTime:0.001001s ]
NOTIC: [8] Use of undefined constant APP_NAME - assumed 'APP_NAME' D:\wamp\www\stjy\Application\Admin\Action\CommonAction.class.php 第 20 行.
SQL: SHOW COLUMNS FROM `stjy_class` [ RunTime:0.0020s ]
SQL: SELECT * FROM `stjy_class` ORDER BY id desc  [ RunTime:0.0000s ]
ERR: 非法操作:bjxyxxb

[ 2017-07-31T09:56:01+08:00 ] ::1 /stjy/index.php/TableImport/sjjlb
INFO: [ app_init ] --START--
INFO: Run Behavior\BuildLiteBehavior [ RunTime:0.000000s ]
INFO: [ app_init ] --END-- [ RunTime:0.001000s ]
INFO: [ app_begin ] --START--
INFO: Run Behavior\ReadHtmlCacheBehavior [ RunTime:0.001000s ]
INFO: [ app_begin ] --END-- [ RunTime:0.002000s ]
NOTIC: [8] Use of undefined constant APP_NAME - assumed 'APP_NAME' D:\wamp\www\stjy\Application\Admin\Action\CommonAction.class.php 第 20 行.
SQL: SHOW COLUMNS FROM `stjy_class` [ RunTime:0.0020s ]
SQL: SELECT * FROM `stjy_class` ORDER BY id desc  [ RunTime:0.0010s ]
ERR: 非法操作:sjjlb

[ 2017-07-31T09:56:02+08:00 ] ::1 /stjy/index.php/TableImport/kxmxb
INFO: [ app_init ] --START--
INFO: Run Behavior\BuildLiteBehavior [ RunTime:0.000000s ]
INFO: [ app_init ] --END-- [ RunTime:0.001000s ]
INFO: [ app_begin ] --START--
INFO: Run Behavior\ReadHtmlCacheBehavior [ RunTime:0.001000s ]
INFO: [ app_begin ] --END-- [ RunTime:0.001000s ]
NOTIC: [8] Use of undefined constant APP_NAME - assumed 'APP_NAME' D:\wamp\www\stjy\Application\Admin\Action\CommonAction.class.php 第 20 行.
SQL: SHOW COLUMNS FROM `stjy_class` [ RunTime:0.0020s ]
SQL: SELECT * FROM `stjy_class` ORDER BY id desc  [ RunTime:0.0010s ]
ERR: 非法操作:kxmxb

[ 2017-07-31T09:56:02+08:00 ] ::1 /stjy/index.php/TableImport/kxmxb
INFO: [ app_init ] --START--
INFO: Run Behavior\BuildLiteBehavior [ RunTime:0.000000s ]
INFO: [ app_init ] --END-- [ RunTime:0.001000s ]
INFO: [ app_begin ] --START--
INFO: Run Behavior\ReadHtmlCacheBehavior [ RunTime:0.002000s ]
INFO: [ app_begin ] --END-- [ RunTime:0.002000s ]
NOTIC: [8] Use of undefined constant APP_NAME - assumed 'APP_NAME' D:\wamp\www\stjy\Application\Admin\Action\CommonAction.class.php 第 20 行.
SQL: SHOW COLUMNS FROM `stjy_class` [ RunTime:0.0030s ]
SQL: SELECT * FROM `stjy_class` ORDER BY id desc  [ RunTime:0.0010s ]
ERR: 非法操作:kxmxb

[ 2017-07-31T09:56:03+08:00 ] ::1 /stjy/index.php/TableImport/kbmxb
INFO: [ app_init ] --START--
INFO: Run Behavior\BuildLiteBehavior [ RunTime:0.000000s ]
INFO: [ app_init ] --END-- [ RunTime:0.001000s ]
INFO: [ app_begin ] --START--
INFO: Run Behavior\ReadHtmlCacheBehavior [ RunTime:0.001000s ]
INFO: [ app_begin ] --END-- [ RunTime:0.001000s ]
NOTIC: [8] Use of undefined constant APP_NAME - assumed 'APP_NAME' D:\wamp\www\stjy\Application\Admin\Action\CommonAction.class.php 第 20 行.
SQL: SHOW COLUMNS FROM `stjy_class` [ RunTime:0.0020s ]
SQL: SELECT * FROM `stjy_class` ORDER BY id desc  [ RunTime:0.0010s ]
ERR: 非法操作:kbmxb

[ 2017-07-31T09:56:03+08:00 ] ::1 /stjy/index.php/TableImport/kbmxb
INFO: [ app_init ] --START--
INFO: Run Behavior\BuildLiteBehavior [ RunTime:0.000000s ]
INFO: [ app_init ] --END-- [ RunTime:0.001001s ]
INFO: [ app_begin ] --START--
INFO: Run Behavior\ReadHtmlCacheBehavior [ RunTime:0.001000s ]
INFO: [ app_begin ] --END-- [ RunTime:0.001000s ]
NOTIC: [8] Use of undefined constant APP_NAME - assumed 'APP_NAME' D:\wamp\www\stjy\Application\Admin\Action\CommonAction.class.php 第 20 行.
SQL: SHOW COLUMNS FROM `stjy_class` [ RunTime:0.0020s ]
SQL: SELECT * FROM `stjy_class` ORDER BY id desc  [ RunTime:0.0010s ]
ERR: 非法操作:kbmxb

[ 2017-07-31T09:56:04+08:00 ] ::1 /stjy/index.php/TableImport/xyfyyjb
INFO: [ app_init ] --START--
INFO: Run Behavior\BuildLiteBehavior [ RunTime:0.000000s ]
INFO: [ app_init ] --END-- [ RunTime:0.001000s ]
INFO: [ app_begin ] --START--
INFO: Run Behavior\ReadHtmlCacheBehavior [ RunTime:0.001000s ]
INFO: [ app_begin ] --END-- [ RunTime:0.001000s ]
NOTIC: [8] Use of undefined constant APP_NAME - assumed 'APP_NAME' D:\wamp\www\stjy\Application\Admin\Action\CommonAction.class.php 第 20 行.
SQL: SHOW COLUMNS FROM `stjy_class` [ RunTime:0.0020s ]
SQL: SELECT * FROM `stjy_class` ORDER BY id desc  [ RunTime:0.0000s ]
ERR: 非法操作:xyfyyjb

[ 2017-07-31T09:56:04+08:00 ] ::1 /stjy/index.php/TableImport/kxmxb
INFO: [ app_init ] --START--
INFO: Run Behavior\BuildLiteBehavior [ RunTime:0.000000s ]
INFO: [ app_init ] --END-- [ RunTime:0.001000s ]
INFO: [ app_begin ] --START--
INFO: Run Behavior\ReadHtmlCacheBehavior [ RunTime:0.001000s ]
INFO: [ app_begin ] --END-- [ RunTime:0.001000s ]
NOTIC: [8] Use of undefined constant APP_NAME - assumed 'APP_NAME' D:\wamp\www\stjy\Application\Admin\Action\CommonAction.class.php 第 20 行.
SQL: SHOW COLUMNS FROM `stjy_class` [ RunTime:0.0010s ]
SQL: SELECT * FROM `stjy_class` ORDER BY id desc  [ RunTime:0.0000s ]
ERR: 非法操作:kxmxb

[ 2017-07-31T09:56:05+08:00 ] ::1 /stjy/index.php/TableImport/kxmxb
INFO: [ app_init ] --START--
INFO: Run Behavior\BuildLiteBehavior [ RunTime:0.000000s ]
INFO: [ app_init ] --END-- [ RunTime:0.001000s ]
INFO: [ app_begin ] --START--
INFO: Run Behavior\ReadHtmlCacheBehavior [ RunTime:0.001000s ]
INFO: [ app_begin ] --END-- [ RunTime:0.002000s ]
NOTIC: [8] Use of undefined constant APP_NAME - assumed 'APP_NAME' D:\wamp\www\stjy\Application\Admin\Action\CommonAction.class.php 第 20 行.
SQL: SHOW COLUMNS FROM `stjy_class` [ RunTime:0.0000s ]
SQL: SELECT * FROM `stjy_class` ORDER BY id desc  [ RunTime:0.0000s ]
ERR: 非法操作:kxmxb

[ 2017-07-31T09:56:05+08:00 ] ::1 /stjy/index.php/TableImport/sjjlb
INFO: [ app_init ] --START--
INFO: Run Behavior\BuildLiteBehavior [ RunTime:0.000000s ]
INFO: [ app_init ] --END-- [ RunTime:0.001000s ]
INFO: [ app_begin ] --START--
INFO: Run Behavior\ReadHtmlCacheBehavior [ RunTime:0.001000s ]
INFO: [ app_begin ] --END-- [ RunTime:0.001000s ]
NOTIC: [8] Use of undefined constant APP_NAME - assumed 'APP_NAME' D:\wamp\www\stjy\Application\Admin\Action\CommonAction.class.php 第 20 行.
SQL: SHOW COLUMNS FROM `stjy_class` [ RunTime:0.0010s ]
SQL: SELECT * FROM `stjy_class` ORDER BY id desc  [ RunTime:0.0000s ]
ERR: 非法操作:sjjlb

[ 2017-07-31T09:56:05+08:00 ] ::1 /stjy/index.php/TableImport/bjxyxxb
INFO: [ app_init ] --START--
INFO: Run Behavior\BuildLiteBehavior [ RunTime:0.000000s ]
INFO: [ app_init ] --END-- [ RunTime:0.001000s ]
INFO: [ app_begin ] --START--
INFO: Run Behavior\ReadHtmlCacheBehavior [ RunTime:0.001000s ]
INFO: [ app_begin ] --END-- [ RunTime:0.001000s ]
NOTIC: [8] Use of undefined constant APP_NAME - assumed 'APP_NAME' D:\wamp\www\stjy\Application\Admin\Action\CommonAction.class.php 第 20 行.
SQL: SHOW COLUMNS FROM `stjy_class` [ RunTime:0.0010s ]
SQL: SELECT * FROM `stjy_class` ORDER BY id desc  [ RunTime:0.0000s ]
ERR: 非法操作:bjxyxxb

[ 2017-07-31T09:56:05+08:00 ] ::1 /stjy/index.php/TableImport/bjxxb
INFO: [ app_init ] --START--
INFO: Run Behavior\BuildLiteBehavior [ RunTime:0.000000s ]
INFO: [ app_init ] --END-- [ RunTime:0.001000s ]
INFO: [ app_begin ] --START--
INFO: Run Behavior\ReadHtmlCacheBehavior [ RunTime:0.002001s ]
INFO: [ app_begin ] --END-- [ RunTime:0.002001s ]
NOTIC: [8] Use of undefined constant APP_NAME - assumed 'APP_NAME' D:\wamp\www\stjy\Application\Admin\Action\CommonAction.class.php 第 20 行.
SQL: SHOW COLUMNS FROM `stjy_class` [ RunTime:0.0010s ]
SQL: SELECT * FROM `stjy_class` ORDER BY id desc  [ RunTime:0.0010s ]
ERR: 非法操作:bjxxb

[ 2017-07-31T09:56:06+08:00 ] ::1 /stjy/index.php/TableImport/xyxxb
INFO: [ app_init ] --START--
INFO: Run Behavior\BuildLiteBehavior [ RunTime:0.000000s ]
INFO: [ app_init ] --END-- [ RunTime:0.001000s ]
INFO: [ app_begin ] --START--
INFO: Run Behavior\ReadHtmlCacheBehavior [ RunTime:0.002001s ]
INFO: [ app_begin ] --END-- [ RunTime:0.002001s ]
NOTIC: [8] Use of undefined constant APP_NAME - assumed 'APP_NAME' D:\wamp\www\stjy\Application\Admin\Action\CommonAction.class.php 第 20 行.
SQL: SHOW COLUMNS FROM `stjy_class` [ RunTime:0.0010s ]
SQL: SELECT * FROM `stjy_class` ORDER BY id desc  [ RunTime:0.0000s ]
SQL: SHOW COLUMNS FROM `stjy_article` [ RunTime:0.0000s ]
SQL: SELECT COUNT(*) AS tp_count FROM `stjy_article` WHERE ( del = 0 ) LIMIT 1   [ RunTime:0.0010s ]
SQL: SELECT * FROM `stjy_article` WHERE ( del = 0 ) ORDER BY id desc  [ RunTime:0.0010s ]
INFO: [ view_parse ] --START--
INFO: [ template_filter ] --START--
INFO: Run Behavior\ContentReplaceBehavior [ RunTime:0.000000s ]
INFO: [ template_filter ] --END-- [ RunTime:0.001000s ]
INFO: Run Behavior\ParseTemplateBehavior [ RunTime:0.020001s ]
INFO: [ view_parse ] --END-- [ RunTime:0.020001s ]
INFO: [ view_filter ] --START--
INFO: Run Behavior\WriteHtmlCacheBehavior [ RunTime:0.000000s ]
INFO: [ view_filter ] --END-- [ RunTime:0.001000s ]
INFO: [ view_parse ] --START--
INFO: [ template_filter ] --START--
INFO: Run Behavior\ContentReplaceBehavior [ RunTime:0.000000s ]
INFO: [ template_filter ] --END-- [ RunTime:-0.020001s ]
INFO: Run Behavior\ParseTemplateBehavior [ RunTime:0.018001s ]
INFO: [ view_parse ] --END-- [ RunTime:-0.002000s ]
INFO: [ view_filter ] --START--
INFO: Run Behavior\WriteHtmlCacheBehavior [ RunTime:0.000000s ]
INFO: [ view_filter ] --END-- [ RunTime:-0.019001s ]
INFO: [ app_end ] --START--
INFO: Run Behavior\ShowPageTraceBehavior [ RunTime:0.001000s ]
INFO: [ app_end ] --END-- [ RunTime:0.001000s ]

[ 2017-07-31T09:56:28+08:00 ] ::1 /stjy/index.php/TableImport/upload
INFO: [ app_init ] --START--
INFO: Run Behavior\BuildLiteBehavior [ RunTime:0.000000s ]
INFO: [ app_init ] --END-- [ RunTime:0.001000s ]
INFO: [ app_begin ] --START--
INFO: Run Behavior\ReadHtmlCacheBehavior [ RunTime:0.001000s ]
INFO: [ app_begin ] --END-- [ RunTime:0.001000s ]
NOTIC: [8] Use of undefined constant APP_NAME - assumed 'APP_NAME' D:\wamp\www\stjy\Application\Admin\Action\CommonAction.class.php 第 20 行.
SQL: SHOW COLUMNS FROM `stjy_class` [ RunTime:0.0010s ]
SQL: SELECT * FROM `stjy_class` ORDER BY id desc  [ RunTime:0.0000s ]
NOTIC: [2] call_user_func() expects parameter 1 to be a valid callback, no array or string given D:\wamp\www\stjy\ThinkPHP\Library\Think\Upload.class.php 第 170 行.
ERR: 1146:Table 'stjy.stjy_product' doesn't exist
 [ SQL语句 ] : SHOW COLUMNS FROM `stjy_product`
ERR: 1146:Table 'stjy.stjy_product' doesn't exist
 [ SQL语句 ] : SHOW COLUMNS FROM `stjy_product`

